
                                      ARENA Simulation Results
                                   Rohit Akole - License: STUDENT

                                  Summary for Replication 1 of 1

Project: Simple Processing                                           Run execution date : 4/24/2018
Analyst: Delbert McClinton                                           Model revision date: 4/24/2018

Replication ended at time      : 20.0 Minutes 
Base Time Units: Minutes

                                           TALLY VARIABLES

Identifier                                  Average   Half Width  Minimum    Maximum   Observations
___________________________________________________________________________________________________

Broaching Center.WaitTimePerEntity          .00000     (Insuf)    .00000     .00000          1    
Drilling Center.TotalTimePerEntity          3.3123     (Insuf)    1.7641     5.0710          5    
Lathe Center.VATimePerEntity                1.5652     (Insuf)    1.1316     1.8412          4    
Broaching Center.VATimePerEntity            4.0747     (Insuf)    4.0747     4.0747          1    
Drilling Center.WaitTimePerEntity           .00000     (Insuf)    .00000     .00000          5    
Broaching Center.TotalTimePerEntity         4.0747     (Insuf)    4.0747     4.0747          1    
Lathe Center.WaitTimePerEntity              .00000     (Insuf)    .00000     .00000          4    
Lathe Center.TotalTimePerEntity             1.5652     (Insuf)    1.1316     1.8412          4    
Drilling Center.VATimePerEntity             3.3123     (Insuf)    1.7641     5.0710          5    
Quality Control Center.TotalTimePerEntity   2.1779     (Insuf)    2.0000     2.7118          4    
Quality Control Center.WaitTimePerEntity    .17797     (Insuf)    .00000     .71187          4    
Quality Control Center.VATimePerEntity      2.0000     (Insuf)    2.0000     2.0000          4    
Part.VATime                                 7.6709     (Insuf)    5.5845     10.533          4    
Part.NVATime                                .00000     (Insuf)    .00000     .00000          4    
Part.WaitTime                               .17797     (Insuf)    .00000     .71187          4    
Part.TranTime                               1.2500     (Insuf)    1.0000     2.0000          4    
Part.OtherTime                              .00000     (Insuf)    .00000     .00000          4    
Part.TotalTime                              9.0989     (Insuf)    7.0271     12.533          4    
Lathe Center.Queue.WaitingTime              .00000     (Insuf)    .00000     .00000          4    
Quality Control Center.Queue.WaitingTime    .14237     (Insuf)    .00000     .71187          5    
Broaching Center.Queue.WaitingTime          .00000     (Insuf)    .00000     .00000          1    
Drilling Center.Queue.WaitingTime           .00000     (Insuf)    .00000     .00000          7    

                                     DISCRETE-CHANGE VARIABLES

Identifier                                  Average   Half Width  Minimum    Maximum   Final Value
___________________________________________________________________________________________________

Part.WIP                                    2.5981     (Insuf)    .00000     4.0000     3.0000    
Controller.NumberBusy                       .47411     (Insuf)    .00000     1.0000     1.0000    
Controller.NumberScheduled                  1.0000     (Insuf)    1.0000     1.0000     1.0000    
Controller.Utilization                      .47411     (Insuf)    .00000     1.0000     1.0000    
Drill Press.NumberBusy                      1.2716     (Insuf)    .00000     2.0000     2.0000    
Drill Press.NumberScheduled                 3.0000     (Insuf)    3.0000     3.0000     3.0000    
Drill Press.Utilization                     .42389     (Insuf)    .00000     .66667     .66667    
Broaching Machine.NumberBusy                .51679     (Insuf)    .00000     2.0000     .00000    
Broaching Machine.NumberScheduled           3.0000     (Insuf)    3.0000     3.0000     3.0000    
Broaching Machine.Utilization               .17226     (Insuf)    .00000     .66667     .00000    
Lathe Machine.NumberBusy                    .31305     (Insuf)    .00000     2.0000     .00000    
Lathe Machine.NumberScheduled               2.0000     (Insuf)    2.0000     2.0000     2.0000    
Lathe Machine.Utilization                   .15653     (Insuf)    .00000     1.0000     .00000    
Lathe Center.Queue.NumberInQueue            .00000     (Insuf)    .00000     .00000     .00000    
Quality Control Center.Queue.NumberInQueue  .03559     (Insuf)    .00000     1.0000     .00000    
Broaching Center.Queue.NumberInQueue        .00000     (Insuf)    .00000     .00000     .00000    
Drilling Center.Queue.NumberInQueue         .00000     (Insuf)    .00000     .00000     .00000    

                                             OUTPUTS

Identifier                                   Value
_____________________________________________________________

Broaching Center Number Out                 1.0000    
Broaching Center Accum Wait Time            .00000    
Drilling Center Accum VA Time               16.561    
Broaching Center Number In                  1.0000    
Lathe Center Accum Wait Time                .00000    
Lathe Center Number Out                     4.0000    
Quality Control Center Accum Wait Time      .71187    
Quality Control Center Number Out           4.0000    
Quality Control Center Number In            5.0000    
Drilling Center Number In                   7.0000    
Quality Control Center Accum VA Time        8.0000    
Lathe Center Accum VA Time                  6.2610    
Broaching Center Accum VA Time              4.0747    
Lathe Center Number In                      4.0000    
Drilling Center Accum Wait Time             .00000    
Drilling Center Number Out                  5.0000    
Part.NumberIn                               7.0000    
Part.NumberOut                              4.0000    
Controller.NumberSeized                     5.0000    
Controller.ScheduledUtilization             .47411    
Drill Press.NumberSeized                    7.0000    
Drill Press.ScheduledUtilization            .42389    
Broaching Machine.NumberSeized              5.0000    
Broaching Machine.ScheduledUtilization      .17226    
Lathe Machine.NumberSeized                  4.0000    
Lathe Machine.ScheduledUtilization          .15653    
System.NumberOut                            4.0000    


Simulation run time: 0.02 minutes.
Simulation run complete.
